<?xml version="1.0" encoding="UTF-8"?>
<!-- Generated by org.testng.reporters.JUnitXMLReporter -->
<testsuite ignored="0" hostname="Mrkd-family" failures="0" tests="1" name="Test" time="0.148" errors="0" timestamp="2022-10-24T13:44:33 IST">
  <testcase classname="testpkg11.testclass11" name="@BeforeClass beforeclass" time="-1.666599273241E9">
    <failure type="org.testng.TestNGException" message="
Parameter &amp;apos;browser&amp;apos; is required by BeforeClass on method beforeclass but has not been marked @Optional or defined
in E:\New folder\Rough\testng.xml">
      <![CDATA[org.testng.TestNGException: 
Parameter 'browser' is required by BeforeClass on method beforeclass but has not been marked @Optional or defined
in E:\New folder\Rough\testng.xml
at java.base/java.util.ArrayList.forEach(ArrayList.java:1511)
... Removed 22 stack frames]]>
    </failure>
  </testcase> <!-- @BeforeClass beforeclass -->
  <testcase classname="testpkg11.testclass11" name="@BeforeMethod beforemethod" time="0.0">
    <skipped/>
  </testcase> <!-- @BeforeMethod beforemethod -->
  <testcase classname="testpkg11.testclass11" name="process" time="0.0">
    <skipped/>
  </testcase> <!-- process -->
</testsuite> <!-- Test -->
